0 info it worked if it ends with ok
1 verbose cli [ 'C:\\Program Files\\nodejs\\node.exe',
1 verbose cli   'C:\\Users\\nate\\AppData\\Roaming\\npm\\node_modules\\npm\\bin\\npm-cli.js',
1 verbose cli   'i' ]
2 info using npm@4.1.2
3 info using node@v7.5.0
4 silly loadCurrentTree Starting
5 silly install loadCurrentTree
6 silly install readLocalPackageData
7 silly install normalizeTree
8 silly loadCurrentTree Finishing
9 silly loadIdealTree Starting
10 silly install loadIdealTree
11 silly cloneCurrentTree Starting
12 silly install cloneCurrentTreeToIdealTree
13 silly cloneCurrentTree Finishing
14 silly loadShrinkwrap Starting
15 silly install loadShrinkwrap
16 silly loadShrinkwrap Finishing
17 silly loadAllDepsIntoIdealTree Starting
18 silly install loadAllDepsIntoIdealTree
19 silly loadAllDepsIntoIdealTree Finishing
20 silly loadIdealTree Finishing
21 silly currentTree server@1.0.0
21 silly currentTree +-- accepts@1.3.3
21 silly currentTree +-- after@0.8.2
21 silly currentTree +-- array-flatten@1.1.1
21 silly currentTree +-- arraybuffer.slice@0.0.6
21 silly currentTree +-- backo2@1.0.2
21 silly currentTree +-- base64-arraybuffer@0.1.5
21 silly currentTree +-- base64id@1.0.0
21 silly currentTree +-- better-assert@1.0.2
21 silly currentTree +-- blob@0.0.4
21 silly currentTree +-- bower@1.8.0
21 silly currentTree +-- callsite@1.0.0
21 silly currentTree +-- component-bind@1.0.0
21 silly currentTree +-- component-emitter@1.2.1
21 silly currentTree +-- component-inherit@0.0.3
21 silly currentTree +-- content-disposition@0.5.2
21 silly currentTree +-- content-type@1.0.2
21 silly currentTree +-- cookie-signature@1.0.6
21 silly currentTree +-- cookie@0.3.1
21 silly currentTree +-- debug@2.6.7
21 silly currentTree +-- depd@1.1.0
21 silly currentTree +-- destroy@1.0.4
21 silly currentTree +-- ee-first@1.1.1
21 silly currentTree +-- encodeurl@1.0.1
21 silly currentTree +-- engine.io-client@3.1.1
21 silly currentTree +-- engine.io-parser@2.1.1
21 silly currentTree +-- engine.io@3.1.0
21 silly currentTree +-- escape-html@1.0.3
21 silly currentTree +-- etag@1.8.0
21 silly currentTree +-- express@4.15.3
21 silly currentTree +-- finalhandler@1.0.3
21 silly currentTree +-- forwarded@0.1.0
21 silly currentTree +-- fresh@0.5.0
21 silly currentTree +-- has-binary2@1.0.2
21 silly currentTree +-- has-cors@1.1.0
21 silly currentTree +-- http-errors@1.6.1
21 silly currentTree +-- indexof@0.0.1
21 silly currentTree +-- inherits@2.0.3
21 silly currentTree +-- ipaddr.js@1.3.0
21 silly currentTree +-- isarray@2.0.1
21 silly currentTree +-- media-typer@0.3.0
21 silly currentTree +-- merge-descriptors@1.0.1
21 silly currentTree +-- methods@1.1.2
21 silly currentTree +-- mime-db@1.27.0
21 silly currentTree +-- mime-types@2.1.15
21 silly currentTree +-- mime@1.3.4
21 silly currentTree +-- ms@2.0.0
21 silly currentTree +-- negotiator@0.6.1
21 silly currentTree +-- object-assign@4.1.1
21 silly currentTree +-- object-component@0.0.3
21 silly currentTree +-- on-finished@2.3.0
21 silly currentTree +-- parsejson@0.0.3
21 silly currentTree +-- parseqs@0.0.5
21 silly currentTree +-- parseuri@0.0.5
21 silly currentTree +-- parseurl@1.3.1
21 silly currentTree +-- path-to-regexp@0.1.7
21 silly currentTree +-- proxy-addr@1.1.4
21 silly currentTree +-- qs@6.4.0
21 silly currentTree +-- range-parser@1.2.0
21 silly currentTree +-- safe-buffer@5.0.1
21 silly currentTree +-- send@0.15.3
21 silly currentTree +-- serve-static@1.12.3
21 silly currentTree +-- setprototypeof@1.0.3
21 silly currentTree +-- socket.io-adapter@1.1.0
21 silly currentTree | +-- debug@2.3.3
21 silly currentTree | `-- ms@0.7.2
21 silly currentTree +-- socket.io-client@2.0.3
21 silly currentTree +-- socket.io-parser@3.1.2
21 silly currentTree +-- socket.io@2.0.3
21 silly currentTree +-- statuses@1.3.1
21 silly currentTree +-- to-array@0.1.4
21 silly currentTree +-- type-is@1.6.15
21 silly currentTree +-- ultron@1.1.0
21 silly currentTree +-- unpipe@1.0.0
21 silly currentTree +-- utils-merge@1.0.0
21 silly currentTree +-- uws@0.14.5
21 silly currentTree +-- vary@1.1.1
21 silly currentTree +-- ws@2.3.1
21 silly currentTree +-- xmlhttprequest-ssl@1.5.3
21 silly currentTree `-- yeast@0.1.2
22 silly idealTree server@1.0.0
22 silly idealTree +-- accepts@1.3.3
22 silly idealTree +-- after@0.8.2
22 silly idealTree +-- array-flatten@1.1.1
22 silly idealTree +-- arraybuffer.slice@0.0.6
22 silly idealTree +-- backo2@1.0.2
22 silly idealTree +-- base64-arraybuffer@0.1.5
22 silly idealTree +-- base64id@1.0.0
22 silly idealTree +-- better-assert@1.0.2
22 silly idealTree +-- blob@0.0.4
22 silly idealTree +-- bower@1.8.0
22 silly idealTree +-- callsite@1.0.0
22 silly idealTree +-- component-bind@1.0.0
22 silly idealTree +-- component-emitter@1.2.1
22 silly idealTree +-- component-inherit@0.0.3
22 silly idealTree +-- content-disposition@0.5.2
22 silly idealTree +-- content-type@1.0.2
22 silly idealTree +-- cookie-signature@1.0.6
22 silly idealTree +-- cookie@0.3.1
22 silly idealTree +-- debug@2.6.7
22 silly idealTree +-- depd@1.1.0
22 silly idealTree +-- destroy@1.0.4
22 silly idealTree +-- ee-first@1.1.1
22 silly idealTree +-- encodeurl@1.0.1
22 silly idealTree +-- engine.io-client@3.1.1
22 silly idealTree +-- engine.io-parser@2.1.1
22 silly idealTree +-- engine.io@3.1.0
22 silly idealTree +-- escape-html@1.0.3
22 silly idealTree +-- etag@1.8.0
22 silly idealTree +-- express@4.15.3
22 silly idealTree +-- finalhandler@1.0.3
22 silly idealTree +-- forwarded@0.1.0
22 silly idealTree +-- fresh@0.5.0
22 silly idealTree +-- has-binary2@1.0.2
22 silly idealTree +-- has-cors@1.1.0
22 silly idealTree +-- http-errors@1.6.1
22 silly idealTree +-- indexof@0.0.1
22 silly idealTree +-- inherits@2.0.3
22 silly idealTree +-- ipaddr.js@1.3.0
22 silly idealTree +-- isarray@2.0.1
22 silly idealTree +-- media-typer@0.3.0
22 silly idealTree +-- merge-descriptors@1.0.1
22 silly idealTree +-- methods@1.1.2
22 silly idealTree +-- mime-db@1.27.0
22 silly idealTree +-- mime-types@2.1.15
22 silly idealTree +-- mime@1.3.4
22 silly idealTree +-- ms@2.0.0
22 silly idealTree +-- negotiator@0.6.1
22 silly idealTree +-- object-assign@4.1.1
22 silly idealTree +-- object-component@0.0.3
22 silly idealTree +-- on-finished@2.3.0
22 silly idealTree +-- parsejson@0.0.3
22 silly idealTree +-- parseqs@0.0.5
22 silly idealTree +-- parseuri@0.0.5
22 silly idealTree +-- parseurl@1.3.1
22 silly idealTree +-- path-to-regexp@0.1.7
22 silly idealTree +-- proxy-addr@1.1.4
22 silly idealTree +-- qs@6.4.0
22 silly idealTree +-- range-parser@1.2.0
22 silly idealTree +-- safe-buffer@5.0.1
22 silly idealTree +-- send@0.15.3
22 silly idealTree +-- serve-static@1.12.3
22 silly idealTree +-- setprototypeof@1.0.3
22 silly idealTree +-- socket.io-adapter@1.1.0
22 silly idealTree | +-- debug@2.3.3
22 silly idealTree | `-- ms@0.7.2
22 silly idealTree +-- socket.io-client@2.0.3
22 silly idealTree +-- socket.io-parser@3.1.2
22 silly idealTree +-- socket.io@2.0.3
22 silly idealTree +-- statuses@1.3.1
22 silly idealTree +-- to-array@0.1.4
22 silly idealTree +-- type-is@1.6.15
22 silly idealTree +-- ultron@1.1.0
22 silly idealTree +-- unpipe@1.0.0
22 silly idealTree +-- utils-merge@1.0.0
22 silly idealTree +-- uws@0.14.5
22 silly idealTree +-- vary@1.1.1
22 silly idealTree +-- ws@2.3.1
22 silly idealTree +-- xmlhttprequest-ssl@1.5.3
22 silly idealTree `-- yeast@0.1.2
23 silly generateActionsToTake Starting
24 silly install generateActionsToTake
25 silly generateActionsToTake Finishing
26 silly diffTrees action count 0
27 silly decomposeActions action count 0
28 silly runTopLevelLifecycles Starting
29 silly install runPreinstallTopLevelLifecycles
30 silly preinstall server@1.0.0
31 info lifecycle server@1.0.0~preinstall: server@1.0.0
32 silly lifecycle server@1.0.0~preinstall: no script for preinstall, continuing
33 silly executeActions Starting
34 silly install executeActions
35 silly doSerial global-install 0
36 silly doParallel fetch 0
37 verbose correctMkdir C:\Users\nate\AppData\Roaming\npm-cache\_locks correctMkdir not in flight; initializing
38 verbose lock using C:\Users\nate\AppData\Roaming\npm-cache\_locks\staging-e62738864675e4bd.lock for C:\wamp64\www\ckcardgame\node_modules\.staging
39 silly doParallel extract 0
40 silly doParallel preinstall 0
41 silly doReverseSerial remove 0
42 silly doSerial move 0
43 silly doSerial finalize 0
44 silly doSerial build 0
45 silly doSerial global-link 0
46 silly doParallel update-linked 0
47 silly doSerial install 0
48 silly doSerial postinstall 0
49 verbose unlock done using C:\Users\nate\AppData\Roaming\npm-cache\_locks\staging-e62738864675e4bd.lock for C:\wamp64\www\ckcardgame\node_modules\.staging
50 silly executeActions Finishing
51 silly rollbackFailedOptional Starting
52 silly rollbackFailedOptional Finishing
53 silly install runPostinstallTopLevelLifecycles
54 silly build server@1.0.0
55 info linkStuff server@1.0.0
56 silly linkStuff server@1.0.0 has C:\wamp64\www as its parent node_modules
57 verbose linkBins server@1.0.0
58 verbose linkMans server@1.0.0
59 silly install server@1.0.0
60 info lifecycle server@1.0.0~install: server@1.0.0
61 silly lifecycle server@1.0.0~install: no script for install, continuing
62 silly postinstall server@1.0.0
63 info lifecycle server@1.0.0~postinstall: server@1.0.0
64 verbose lifecycle server@1.0.0~postinstall: unsafe-perm in lifecycle true
65 verbose lifecycle server@1.0.0~postinstall: PATH: C:\Users\nate\AppData\Roaming\npm\node_modules\npm\bin\node-gyp-bin;C:\wamp64\www\ckcardgame\node_modules\.bin;C:\Users\nate\bin;C:\Program Files\Git\mingw64\bin;C:\Program Files\Git\usr\local\bin;C:\Program Files\Git\usr\bin;C:\Program Files\Git\usr\bin;C:\Program Files\Git\mingw64\bin;C:\Program Files\Git\usr\bin;C:\Users\nate\bin;C:\ProgramData\Oracle\Java\javapath;C:\WINDOWS\system32;C:\WINDOWS;C:\WINDOWS\System32\Wbem;C:\WINDOWS\System32\WindowsPowerShell\v1.0;C:\Program Files (x86)\GtkSharp\2.12\bin;C:\Program Files (x86)\NVIDIA Corporation\PhysX\Common;C:\Program Files\Git\cmd;C:\Program Files\nodejs;C:\Program Files (x86)\Skype\Phone;C:\Program Files (x86)\Windows Kits\10\Windows Performance Toolkit;C:\Users\nate\AppData\Local\Microsoft\WindowsApps;C:\Users\nate\AppData\Local\Android;C:\Users\nate\AppData\Roaming\npm;C:\rethinkdb;C:\Program Files\Heroku\bin;C:\Program Files\MongoDB\Server\3.4\bin;C:\Program Files\MongoDB\Server\3.4\bin;C:\Program Files\Git\usr\bin\vendor_perl;C:\Program Files\Git\usr\bin\core_perl
66 verbose lifecycle server@1.0.0~postinstall: CWD: C:\wamp64\www\ckcardgame
67 silly lifecycle server@1.0.0~postinstall: Args: [ '/d /s /c', './node_modules/bower/bin/bower install' ]
68 silly lifecycle server@1.0.0~postinstall: Returned: code: 1  signal: null
69 info lifecycle server@1.0.0~postinstall: Failed to exec postinstall script
70 warn server@1.0.0 No description
71 verbose If you need help, you may report this error at:
71 verbose     <https://github.com/npm/npm/issues>
72 warn server@1.0.0 No repository field.
73 verbose If you need help, you may report this error at:
73 verbose     <https://github.com/npm/npm/issues>
74 verbose stack Error: server@1.0.0 postinstall: `./node_modules/bower/bin/bower install`
74 verbose stack Exit status 1
74 verbose stack     at EventEmitter.<anonymous> (C:\Users\nate\AppData\Roaming\npm\node_modules\npm\lib\utils\lifecycle.js:279:16)
74 verbose stack     at emitTwo (events.js:106:13)
74 verbose stack     at EventEmitter.emit (events.js:192:7)
74 verbose stack     at ChildProcess.<anonymous> (C:\Users\nate\AppData\Roaming\npm\node_modules\npm\lib\utils\spawn.js:40:14)
74 verbose stack     at emitTwo (events.js:106:13)
74 verbose stack     at ChildProcess.emit (events.js:192:7)
74 verbose stack     at maybeClose (internal/child_process.js:890:16)
74 verbose stack     at Process.ChildProcess._handle.onexit (internal/child_process.js:226:5)
75 verbose pkgid server@1.0.0
76 verbose cwd C:\wamp64\www\ckcardgame
77 error Windows_NT 10.0.14393
78 error argv "C:\\Program Files\\nodejs\\node.exe" "C:\\Users\\nate\\AppData\\Roaming\\npm\\node_modules\\npm\\bin\\npm-cli.js" "i"
79 error node v7.5.0
80 error npm  v4.1.2
81 error code ELIFECYCLE
82 error server@1.0.0 postinstall: `./node_modules/bower/bin/bower install`
82 error Exit status 1
83 error Failed at the server@1.0.0 postinstall script './node_modules/bower/bin/bower install'.
83 error Make sure you have the latest version of node.js and npm installed.
83 error If you do, this is most likely a problem with the server package,
83 error not with npm itself.
83 error Tell the author that this fails on your system:
83 error     ./node_modules/bower/bin/bower install
83 error You can get information on how to open an issue for this project with:
83 error     npm bugs server
83 error Or if that isn't available, you can get their info via:
83 error     npm owner ls server
83 error There is likely additional logging output above.
84 verbose exit [ 1, true ]
